07:46:08 **** Incremental Build of configuration Debug for project Maman14 ****
make all 
Building file: ../src/Maman14-mac.c
Invoking: GCC C Compiler
gcc -O0 -g3 -Wall -c -fmessage-length=0 -MMD -MP -MF"src/Maman14-mac.d" -MT"src/Maman14-mac.d" -o "src/Maman14-mac.o" "../src/Maman14-mac.c"
Finished building: ../src/Maman14-mac.c
 
Building file: ../src/linkedlist.c
Invoking: GCC C Compiler
gcc -O0 -g3 -Wall -c -fmessage-length=0 -MMD -MP -MF"src/linkedlist.d" -MT"src/linkedlist.d" -o "src/linkedlist.o" "../src/linkedlist.c"
Finished building: ../src/linkedlist.c
 
Building file: ../src/parser.c
Invoking: GCC C Compiler
gcc -O0 -g3 -Wall -c -fmessage-length=0 -MMD -MP -MF"src/parser.d" -MT"src/parser.d" -o "src/parser.o" "../src/parser.c"
../src/parser.c: In function ‘parse_line’:
../src/parser.c:59:7: warning: variable ‘oper_exists’ set but not used [-Wunused-but-set-variable]
  Bool oper_exists = FALSE;
       ^~~~~~~~~~~
Finished building: ../src/parser.c
 
Building file: ../src/utils.c
Invoking: GCC C Compiler
gcc -O0 -g3 -Wall -c -fmessage-length=0 -MMD -MP -MF"src/utils.d" -MT"src/utils.d" -o "src/utils.o" "../src/utils.c"
Finished building: ../src/utils.c
 
Building target: Maman14
Invoking: GCC C Linker
gcc  -o "Maman14"  ./src/Maman14-mac.o ./src/linkedlist.o ./src/parser.o ./src/utils.o   
Finished building target: Maman14
 

07:46:08 Build Finished (took 217ms)

